Построение начато 21.09.2013 0:25:24.
     1>Проект "B:\git\TP_01\TP_01\TP_01.vcxproj" в узле 2 (целевые объекты build).
     1>InitializeBuildStatus:
         Обращение к "Debug\TP_01.unsuccessfulbuild".
       ClCompile:
         B:\Programs\VC\bin\CL.exe /c /ZI /nologo /W3 /WX- /Od /Oy- /D _MBCS /Gm /EHsc /RTC1 /MDd /GS /fp:precise /Zc:wchar_t /Zc:forScope /Fo"Debug\\" /Fd"Debug\vc100.pdb" /Gd /TP /analyze- /errorReport:prompt Main.cpp
         Main.cpp
     1>b:\git\tp_01\tp_01\main.cpp(25): warning C4018: <: несоответствие типов со знаком и без знака
     1>b:\git\tp_01\tp_01\main.cpp(55): warning C4018: <: несоответствие типов со знаком и без знака
       Link:
         B:\Programs\VC\bin\link.exe /ERRORREPORT:PROMPT /OUT:"B:\git\TP_01\Debug\TP_01.exe" /NOLOGO kernel32.lib user32.lib gdi32.lib winspool.lib comdlg32.lib advapi32.lib shell32.lib ole32.lib oleaut32.lib uuid.lib odbc32.lib odbccp32.lib /MANIFEST /ManifestFile:"Debug\TP_01.exe.intermediate.manifest" /MANIFESTUAC:"level='asInvoker' uiAccess='false'" /DEBUG /PDB:"B:\git\TP_01\Debug\TP_01.pdb" /TLBID:1 /DYNAMICBASE /NXCOMPAT /IMPLIB:"B:\git\TP_01\Debug\TP_01.lib" /MACHINE:X86 Debug\Main.obj
         LINK : не найден или не выполнена сборка B:\git\TP_01\Debug\TP_01.exe при последней инкрементной компоновке; выполняется полная компоновка
         TP_01.vcxproj -> B:\git\TP_01\Debug\TP_01.exe
       Manifest:
         C:\Program Files (x86)\Microsoft SDKs\Windows\v7.0A\bin\mt.exe /nologo /verbose /outputresource:"B:\git\TP_01\Debug\TP_01.exe;#1" /manifest Debug\TP_01.exe.intermediate.manifest
       FinalizeBuildStatus:
         Файл "Debug\TP_01.unsuccessfulbuild" удаляется.
         Обращение к "Debug\TP_01.lastbuildstate".
     1>Построение проекта "B:\git\TP_01\TP_01\TP_01.vcxproj" завершено (целевые объекты build).

Построение успешно завершено.

Затраченное время: 00:00:04.25
